<?xml version="1.0" encoding="UTF-8"?>
<!-- Generated by org.testng.reporters.JUnitXMLReporter -->
<testsuite hostname="EAGLE-QA1L" name="Test" tests="7" failures="0" timestamp="1 Apr 2014 12:53:01 GMT" time="0.107" errors="0">
  <testcase name="test" time="0.004" classname="examples.Test1">
    <skipped/>
  </testcase> <!-- test -->
  <testcase name="test" time="0.002" classname="examples.Test2"/>
  <testcase name="test1" time="0.001" classname="examples.Test2"/>
  <testcase name="test2" time="0.001" classname="examples.Test2"/>
  <testcase name="test3" time="0.002" classname="examples.Test2"/>
  <testcase name="test" time="0.001" classname="examples.Test3"/>
  <testcase name="test1" time="0.001" classname="examples.Test3"/>
</testsuite> <!-- Test -->
