<?xml version="1.0" encoding="UTF-8"?>
<testng-results skipped="0" failed="1" total="7" passed="6">
  <reporter-output>
  </reporter-output>
  <suite name="Suite" duration-ms="107" started-at="2014-04-01T12:53:01Z" finished-at="2014-04-01T12:53:01Z">
    <groups>
    </groups>
    <test name="Test" duration-ms="107" started-at="2014-04-01T12:53:01Z" finished-at="2014-04-01T12:53:01Z">
      <class name="examples.Test1">
        <test-method status="FAIL" signature="test(java.lang.String, java.lang.String)[pri:0, instance:examples.Test1@39f58a0e]" name="test" duration-ms="0" started-at="2014-04-01T18:23:01Z" finished-at="2014-04-01T18:23:01Z">
          <exception class="org.testng.TestNGException">
            <message>
              <![CDATA[
Parameter 'firstname' is required by @Test on method test but has not been marked @Optional or defined
in E:\Training\TestNG_examples\src\TestNGSuite.xml]]>
            </message>
            <full-stacktrace>
              <![CDATA[org.testng.TestNGException: 
Parameter 'firstname' is required by @Test on method test but has not been marked @Optional or defined
in E:\Training\TestNG_examples\src\TestNGSuite.xml
	at org.testng.internal.Parameters.createParameters(Parameters.java:155)
	at org.testng.internal.Parameters.createParameters(Parameters.java:358)
	at org.testng.internal.Parameters.handleParameters(Parameters.java:450)
	at org.testng.internal.Invoker.handleParameters(Invoker.java:1383)
	at org.testng.internal.Invoker.createParameters(Invoker.java:1075)
	at org.testng.internal.Invoker.invokeTestMethods(Invoker.java:1180)
	at org.testng.internal.TestMethodWorker.invokeTestMethods(TestMethodWorker.java:127)
	at org.testng.internal.TestMethodWorker.run(TestMethodWorker.java:111)
	at org.testng.TestRunner.privateRun(TestRunner.java:767)
	at org.testng.TestRunner.run(TestRunner.java:617)
	at org.testng.SuiteRunner.runTest(SuiteRunner.java:334)
	at org.testng.SuiteRunner.runSequentially(SuiteRunner.java:329)
	at org.testng.SuiteRunner.privateRun(SuiteRunner.java:291)
	at org.testng.SuiteRunner.run(SuiteRunner.java:240)
	at org.testng.SuiteRunnerWorker.runSuite(SuiteRunnerWorker.java:52)
	at org.testng.SuiteRunnerWorker.run(SuiteRunnerWorker.java:86)
	at org.testng.TestNG.runSuitesSequentially(TestNG.java:1224)
	at org.testng.TestNG.runSuitesLocally(TestNG.java:1149)
	at org.testng.TestNG.run(TestNG.java:1057)
	at org.testng.remote.RemoteTestNG.run(RemoteTestNG.java:111)
	at org.testng.remote.RemoteTestNG.initAndRun(RemoteTestNG.java:204)
	at org.testng.remote.RemoteTestNG.main(RemoteTestNG.java:175)
]]>
            </full-stacktrace>
          </exception> <!-- org.testng.TestNGException -->
          <reporter-output>
          </reporter-output>
        </test-method> <!-- test -->
      </class> <!-- examples.Test1 -->
      <class name="examples.Test2">
        <test-method status="PASS" signature="beforeClass()[pri:0, instance:examples.Test2@2cef15fd]" name="beforeClass" is-config="true" duration-ms="14" started-at="2014-04-01T18:23:01Z" finished-at="2014-04-01T18:23:01Z">
          <reporter-output>
          </reporter-output>
        </test-method> <!-- beforeClass -->
        <test-method status="PASS" signature="test()[pri:0, instance:examples.Test2@2cef15fd]" name="test" duration-ms="2" started-at="2014-04-01T18:23:01Z" finished-at="2014-04-01T18:23:01Z">
          <reporter-output>
          </reporter-output>
        </test-method> <!-- test -->
        <test-method status="PASS" signature="test1()[pri:0, instance:examples.Test2@2cef15fd]" name="test1" duration-ms="1" started-at="2014-04-01T18:23:01Z" finished-at="2014-04-01T18:23:01Z">
          <reporter-output>
          </reporter-output>
        </test-method> <!-- test1 -->
        <test-method status="PASS" signature="test2()[pri:0, instance:examples.Test2@2cef15fd]" name="test2" duration-ms="1" started-at="2014-04-01T18:23:01Z" finished-at="2014-04-01T18:23:01Z">
          <reporter-output>
          </reporter-output>
        </test-method> <!-- test2 -->
        <test-method status="PASS" signature="test3()[pri:0, instance:examples.Test2@2cef15fd]" name="test3" duration-ms="2" started-at="2014-04-01T18:23:01Z" finished-at="2014-04-01T18:23:01Z">
          <reporter-output>
          </reporter-output>
        </test-method> <!-- test3 -->
        <test-method status="PASS" signature="afterClass()[pri:0, instance:examples.Test2@2cef15fd]" name="afterClass" is-config="true" duration-ms="1" started-at="2014-04-01T18:23:01Z" finished-at="2014-04-01T18:23:01Z">
          <reporter-output>
          </reporter-output>
        </test-method> <!-- afterClass -->
      </class> <!-- examples.Test2 -->
      <class name="examples.Test3">
        <test-method status="PASS" signature="beforeClass()[pri:0, instance:examples.Test3@67291453]" name="beforeClass" is-config="true" duration-ms="1" started-at="2014-04-01T18:23:01Z" finished-at="2014-04-01T18:23:01Z">
          <reporter-output>
          </reporter-output>
        </test-method> <!-- beforeClass -->
        <test-method status="PASS" signature="beforeMethod()[pri:0, instance:examples.Test3@67291453]" name="beforeMethod" is-config="true" duration-ms="1" started-at="2014-04-01T18:23:01Z" finished-at="2014-04-01T18:23:01Z">
          <reporter-output>
          </reporter-output>
        </test-method> <!-- beforeMethod -->
        <test-method status="PASS" signature="test()[pri:0, instance:examples.Test3@67291453]" name="test" duration-ms="1" started-at="2014-04-01T18:23:01Z" finished-at="2014-04-01T18:23:01Z">
          <reporter-output>
          </reporter-output>
        </test-method> <!-- test -->
        <test-method status="PASS" signature="afterMethod()[pri:0, instance:examples.Test3@67291453]" name="afterMethod" is-config="true" duration-ms="1" started-at="2014-04-01T18:23:01Z" finished-at="2014-04-01T18:23:01Z">
          <reporter-output>
          </reporter-output>
        </test-method> <!-- afterMethod -->
        <test-method status="PASS" signature="beforeMethod()[pri:0, instance:examples.Test3@67291453]" name="beforeMethod" is-config="true" duration-ms="0" started-at="2014-04-01T18:23:01Z" finished-at="2014-04-01T18:23:01Z">
          <reporter-output>
          </reporter-output>
        </test-method> <!-- beforeMethod -->
        <test-method status="PASS" signature="test1()[pri:0, instance:examples.Test3@67291453]" name="test1" duration-ms="1" started-at="2014-04-01T18:23:01Z" finished-at="2014-04-01T18:23:01Z">
          <reporter-output>
          </reporter-output>
        </test-method> <!-- test1 -->
        <test-method status="PASS" signature="afterClass()[pri:0, instance:examples.Test3@67291453]" name="afterClass" is-config="true" duration-ms="1" started-at="2014-04-01T18:23:01Z" finished-at="2014-04-01T18:23:01Z">
          <reporter-output>
          </reporter-output>
        </test-method> <!-- afterClass -->
        <test-method status="PASS" signature="afterMethod()[pri:0, instance:examples.Test3@67291453]" name="afterMethod" is-config="true" duration-ms="0" started-at="2014-04-01T18:23:01Z" finished-at="2014-04-01T18:23:01Z">
          <reporter-output>
          </reporter-output>
        </test-method> <!-- afterMethod -->
      </class> <!-- examples.Test3 -->
    </test> <!-- Test -->
  </suite> <!-- Suite -->
</testng-results>
